0 info it worked if it ends with ok
1 verbose cli [ '/usr/local/bin/node', '/usr/local/bin/npm', 'run', 'build' ]
2 info using npm@3.10.8
3 info using node@v4.6.0
4 verbose run-script [ 'prebuild', 'build', 'postbuild' ]
5 info lifecycle asaunders.com@1.0.0~prebuild: asaunders.com@1.0.0
6 silly lifecycle asaunders.com@1.0.0~prebuild: no script for prebuild, continuing
7 info lifecycle asaunders.com@1.0.0~build: asaunders.com@1.0.0
8 verbose lifecycle asaunders.com@1.0.0~build: unsafe-perm in lifecycle true
9 verbose lifecycle asaunders.com@1.0.0~build: PATH: /usr/local/lib/node_modules/npm/bin/node-gyp-bin:/Users/AlexSaunders/Documents/Dev/Web/Git Repos/portfolio/node_modules/.bin:/Users/AlexSaunders/.rbenv/bin:/usr/bin:/bin:/usr/sbin:/sbin:/usr/local/bin:/opt/X11/bin:/usr/local/git/bin:/Library/Frameworks/Mono.framework/Versions/Current/Commands:/Library/TeX/texbin:/Users/AlexSaunders/.rvm/bin
10 verbose lifecycle asaunders.com@1.0.0~build: CWD: /Users/AlexSaunders/Documents/Dev/Web/Git Repos/portfolio
11 silly lifecycle asaunders.com@1.0.0~build: Args: [ '-c', 'hugo' ]
12 silly lifecycle asaunders.com@1.0.0~build: Returned: code: 255  signal: null
13 info lifecycle asaunders.com@1.0.0~build: Failed to exec build script
14 verbose stack Error: asaunders.com@1.0.0 build: `hugo`
14 verbose stack Exit status 255
14 verbose stack     at EventEmitter.<anonymous> (/usr/local/lib/node_modules/npm/lib/utils/lifecycle.js:255:16)
14 verbose stack     at emitTwo (events.js:87:13)
14 verbose stack     at EventEmitter.emit (events.js:172:7)
14 verbose stack     at ChildProcess.<anonymous> (/usr/local/lib/node_modules/npm/lib/utils/spawn.js:40:14)
14 verbose stack     at emitTwo (events.js:87:13)
14 verbose stack     at ChildProcess.emit (events.js:172:7)
14 verbose stack     at maybeClose (internal/child_process.js:829:16)
14 verbose stack     at Process.ChildProcess._handle.onexit (internal/child_process.js:211:5)
15 verbose pkgid asaunders.com@1.0.0
16 verbose cwd /Users/AlexSaunders/Documents/Dev/Web/Git Repos/portfolio
17 error Darwin 15.5.0
18 error argv "/usr/local/bin/node" "/usr/local/bin/npm" "run" "build"
19 error node v4.6.0
20 error npm  v3.10.8
21 error code ELIFECYCLE
22 error asaunders.com@1.0.0 build: `hugo`
22 error Exit status 255
23 error Failed at the asaunders.com@1.0.0 build script 'hugo'.
23 error Make sure you have the latest version of node.js and npm installed.
23 error If you do, this is most likely a problem with the asaunders.com package,
23 error not with npm itself.
23 error Tell the author that this fails on your system:
23 error     hugo
23 error You can get information on how to open an issue for this project with:
23 error     npm bugs asaunders.com
23 error Or if that isn't available, you can get their info via:
23 error     npm owner ls asaunders.com
23 error There is likely additional logging output above.
24 verbose exit [ 1, true ]
